2020-06-02 22:41:31.308  INFO 15344 --- [restartedMain] sifan.forum.ForumApplication             : Starting ForumApplication on LAPTOP-1I94N8QB with PID 15344 (started by HP in F:\大四毕设\论坛\code\forum)
2020-06-02 22:41:31.319  INFO 15344 --- [restartedMain] sifan.forum.ForumApplication             : No active profile set, falling back to default profiles: default
2020-06-02 22:41:31.398  INFO 15344 --- [restartedMain] .e.DevToolsPropertyDefaultsPostProcessor : Devtools property defaults active! Set 'spring.devtools.add-properties' to 'false' to disable
2020-06-02 22:41:31.399  INFO 15344 --- [restartedMain] .e.DevToolsPropertyDefaultsPostProcessor : For additional web related logging consider setting the 'logging.level.web' property to 'DEBUG'
2020-06-02 22:41:38.245  INFO 15344 --- [restartedMain] o.s.b.w.embedded.tomcat.TomcatWebServer  : Tomcat initialized with port(s): 8887 (http)
2020-06-02 22:41:38.259  INFO 15344 --- [restartedMain] o.apache.catalina.core.StandardService   : Starting service [Tomcat]
2020-06-02 22:41:38.260  INFO 15344 --- [restartedMain] org.apache.catalina.core.StandardEngine  : Starting Servlet engine: [Apache Tomcat/9.0.31]
2020-06-02 22:41:38.263  INFO 15344 --- [restartedMain] o.a.catalina.core.AprLifecycleListener   : An older version [1.2.16] of the APR based Apache Tomcat Native library is installed, while Tomcat recommends a minimum version of [1.2.23]
2020-06-02 22:41:38.263  INFO 15344 --- [restartedMain] o.a.catalina.core.AprLifecycleListener   : Loaded APR based Apache Tomcat Native library [1.2.16] using APR version [1.6.3].
2020-06-02 22:41:38.264  INFO 15344 --- [restartedMain] o.a.catalina.core.AprLifecycleListener   : APR capabilities: IPv6 [true], sendfile [true], accept filters [false], random [true].
2020-06-02 22:41:38.264  INFO 15344 --- [restartedMain] o.a.catalina.core.AprLifecycleListener   : APR/OpenSSL configuration: useAprConnector [false], useOpenSSL [true]
2020-06-02 22:41:39.426  INFO 15344 --- [restartedMain] o.a.catalina.core.AprLifecycleListener   : OpenSSL successfully initialized [OpenSSL 1.0.2m  2 Nov 2017]
2020-06-02 22:41:39.817  INFO 15344 --- [restartedMain] o.a.c.c.C.[Tomcat].[localhost].[/]       : Initializing Spring embedded WebApplicationContext
2020-06-02 22:41:39.817  INFO 15344 --- [restartedMain] o.s.web.context.ContextLoader            : Root WebApplicationContext: initialization completed in 8418 ms
2020-06-02 22:41:40.995  INFO 15344 --- [restartedMain] o.s.s.concurrent.ThreadPoolTaskExecutor  : Initializing ExecutorService 'applicationTaskExecutor'
2020-06-02 22:41:41.082  INFO 15344 --- [restartedMain] o.s.b.a.w.s.WelcomePageHandlerMapping    : Adding welcome page template: index
2020-06-02 22:41:41.227  INFO 15344 --- [restartedMain] o.s.s.c.ThreadPoolTaskScheduler          : Initializing ExecutorService 'taskScheduler'
2020-06-02 22:41:41.963  INFO 15344 --- [restartedMain] o.s.b.d.a.OptionalLiveReloadServer       : LiveReload server is running on port 35729
2020-06-02 22:41:41.992  INFO 15344 --- [scheduling-1] sifan.forum.schedule.HotTagTasks         : hotTagSchedule start Tue Jun 02 22:41:41 GMT+08:00 2020
2020-06-02 22:41:42.026  INFO 15344 --- [restartedMain] o.s.b.w.embedded.tomcat.TomcatWebServer  : Tomcat started on port(s): 8887 (http) with context path ''
2020-06-02 22:41:42.029  INFO 15344 --- [restartedMain] sifan.forum.ForumApplication             : Started ForumApplication in 11.248 seconds (JVM running for 15.526)
2020-06-02 22:41:42.044  INFO 15344 --- [scheduling-1] com.zaxxer.hikari.HikariDataSource       : HikariPool-1 - Starting...
2020-06-02 22:41:45.136  INFO 15344 --- [scheduling-1] com.zaxxer.hikari.HikariDataSource       : HikariPool-1 - Start completed.
2020-06-02 22:41:45.637  INFO 15344 --- [scheduling-1] sifan.forum.schedule.HotTagTasks         : hotTagSchedule stop Tue Jun 02 22:41:45 GMT+08:00 2020
2020-06-02 22:41:50.580  INFO 15344 --- [http-nio-8887-exec-1] o.a.c.c.C.[Tomcat].[localhost].[/]       : Initializing Spring DispatcherServlet 'dispatcherServlet'
2020-06-02 22:41:50.580  INFO 15344 --- [http-nio-8887-exec-1] o.s.web.servlet.DispatcherServlet        : Initializing Servlet 'dispatcherServlet'
2020-06-02 22:41:50.591  INFO 15344 --- [http-nio-8887-exec-1] o.s.web.servlet.DispatcherServlet        : Completed initialization in 10 ms
